<?xml version="1.0" encoding="UTF-8"?>
<!-- Generated by org.testng.reporters.JUnitReportReporter -->
<testsuite skipped="0" hostname="DESKTOP-NQ73322" name="com.OrangeHrm.generics.Baseclass" tests="1" failures="0" timestamp="2020-01-27T12:35:02 IST" time="8.926" errors="0">
  <testcase name="Login" time="8.926" classname="com.OrangeHrm.generics.Baseclass"/>
  <system-out/>
</testsuite> <!-- com.OrangeHrm.generics.Baseclass -->
